<?xml version="1.0" encoding="UTF-8"?>
<!-- Generated by org.testng.reporters.JUnitReportReporter -->
<testsuite hostname="BHARGAVI" failures="0" tests="5" name="tests.DreamsTotalTest" time="0.013" errors="0" timestamp="2025-09-26T20:10:44 IST" skipped="0">
  <testcase classname="tests.DreamsTotalTest" name="testGoodDreamsCount" time="0.000"/>
  <system-out/>
  <testcase classname="tests.DreamsTotalTest" name="testBadDreamsCount" time="0.000"/>
  <system-out/>
  <testcase classname="tests.DreamsTotalTest" name="testTotalDreamsCount" time="0.003"/>
  <system-out/>
  <testcase classname="tests.DreamsTotalTest" name="testRecurringDreamsCount" time="0.004"/>
  <system-out/>
  <testcase classname="tests.DreamsTotalTest" name="testRecurringDreamNames" time="0.006"/>
  <system-out/>
</testsuite> <!-- tests.DreamsTotalTest -->
