<?xml version="1.0" encoding="UTF-8"?>
<!-- Generated by org.testng.reporters.JUnitReportReporter -->
<testsuite hostname="BHARGAVI" failures="0" tests="5" name="tests.HomePageTest" time="3.515" errors="0" timestamp="2025-09-26T20:10:44 IST" skipped="0">
  <testcase classname="tests.HomePageTest" name="testLoaderIsVisible" time="0.153"/>
  <system-out/>
  <testcase classname="tests.HomePageTest" name="testLoaderDisappears" time="3.073"/>
  <system-out/>
  <testcase classname="tests.HomePageTest" name="testMainContentIsVisible" time="0.045"/>
  <system-out/>
  <testcase classname="tests.HomePageTest" name="testMyDreamsButtonIsClickable" time="0.221"/>
  <system-out/>
  <testcase classname="tests.HomePageTest" name="testNewTabsOpenOnClick" time="0.023"/>
  <system-out/>
</testsuite> <!-- tests.HomePageTest -->
