<?xml version="1.0" encoding="UTF-8"?>
<!-- Generated by org.testng.reporters.JUnitReportReporter -->
<testsuite hostname="BHARGAVI" failures="0" tests="3" name="tests.DreamDiaryPageTest" time="9.090" errors="0" timestamp="2025-09-26T20:10:44 IST" skipped="0">
  <testcase classname="tests.DreamDiaryPageTest" name="testRowCount" time="3.028"/>
  <system-out/>
  <testcase classname="tests.DreamDiaryPageTest" name="testDreamTypesAreValid" time="3.023"/>
  <system-out/>
  <testcase classname="tests.DreamDiaryPageTest" name="testAllRowsAreFilled" time="3.039"/>
  <system-out/>
</testsuite> <!-- tests.DreamDiaryPageTest -->
