<?xml version="1.0" encoding="UTF-8"?>
<!-- Generated by org.testng.reporters.JUnitReportReporter -->
<testsuite hostname="BHARGAVI" failures="0" tests="1" name="utils.BaseTest" time="10.896" errors="0" timestamp="2025-09-24T19:21:44 IST" skipped="0">
  <testcase classname="utils.BaseTest" name="setup" time="10.896"/>
  <system-out/>
</testsuite> <!-- utils.BaseTest -->
